01/01/2023 11:30:02 PM Logger was successfully created
01/01/2023 11:30:02 PM Window was successfully build
01/01/2023 11:30:06 PM Try to destroy previouse widgets
01/01/2023 11:30:06 PM Widgets from previouse run got destroyed
01/01/2023 11:30:06 PM Try to check whether a player is marked as friend
01/01/2023 11:30:06 PM Players were found
01/01/2023 11:30:06 PM Try to get faceit data for each player
01/01/2023 11:30:06 PM Try to convert steamid to steamid64
01/01/2023 11:30:06 PM Converted steamid to steamid64
01/01/2023 11:30:06 PM Starting new HTTPS connection (1): open.faceit.com:443
01/01/2023 11:30:07 PM https://open.faceit.com:443 "GET /data/v4/players?game=csgo&game_player_id=76561198202481531 HTTP/1.1" 200 None
01/01/2023 11:30:07 PM Try to convert steamid to steamid64
01/01/2023 11:30:07 PM Converted steamid to steamid64
01/01/2023 11:30:07 PM Starting new HTTPS connection (1): open.faceit.com:443
01/01/2023 11:30:07 PM https://open.faceit.com:443 "GET /data/v4/players?game=csgo&game_player_id=76561198220715711 HTTP/1.1" 200 None
01/01/2023 11:30:07 PM Try to convert steamid to steamid64
01/01/2023 11:30:07 PM Converted steamid to steamid64
01/01/2023 11:30:07 PM Starting new HTTPS connection (1): open.faceit.com:443
01/01/2023 11:30:08 PM https://open.faceit.com:443 "GET /data/v4/players?game=csgo&game_player_id=76561198448368373 HTTP/1.1" 200 None
01/01/2023 11:30:08 PM Try to convert steamid to steamid64
01/01/2023 11:30:08 PM Converted steamid to steamid64
01/01/2023 11:30:08 PM Starting new HTTPS connection (1): open.faceit.com:443
01/01/2023 11:30:09 PM https://open.faceit.com:443 "GET /data/v4/players?game=csgo&game_player_id=76561198841225728 HTTP/1.1" 200 None
01/01/2023 11:30:09 PM Try to convert steamid to steamid64
01/01/2023 11:30:09 PM Converted steamid to steamid64
01/01/2023 11:30:09 PM Starting new HTTPS connection (1): open.faceit.com:443
01/01/2023 11:30:09 PM https://open.faceit.com:443 "GET /data/v4/players?game=csgo&game_player_id=76561198199328905 HTTP/1.1" 200 None
01/01/2023 11:30:09 PM Try to convert steamid to steamid64
01/01/2023 11:30:09 PM Converted steamid to steamid64
01/01/2023 11:30:09 PM Starting new HTTPS connection (1): open.faceit.com:443
01/01/2023 11:30:10 PM https://open.faceit.com:443 "GET /data/v4/players?game=csgo&game_player_id=76561197978188744 HTTP/1.1" 200 None
01/01/2023 11:30:10 PM Try to convert steamid to steamid64
01/01/2023 11:30:10 PM Converted steamid to steamid64
01/01/2023 11:30:10 PM Starting new HTTPS connection (1): open.faceit.com:443
01/01/2023 11:30:10 PM https://open.faceit.com:443 "GET /data/v4/players?game=csgo&game_player_id=76561198930406413 HTTP/1.1" 200 None
01/01/2023 11:30:10 PM Try to convert steamid to steamid64
01/01/2023 11:30:10 PM Converted steamid to steamid64
01/01/2023 11:30:10 PM Starting new HTTPS connection (1): open.faceit.com:443
01/01/2023 11:30:11 PM https://open.faceit.com:443 "GET /data/v4/players?game=csgo&game_player_id=76561198007853450 HTTP/1.1" 200 None
01/01/2023 11:30:11 PM Try to convert steamid to steamid64
01/01/2023 11:30:11 PM Converted steamid to steamid64
01/01/2023 11:30:11 PM Starting new HTTPS connection (1): open.faceit.com:443
01/01/2023 11:30:12 PM https://open.faceit.com:443 "GET /data/v4/players?game=csgo&game_player_id=76561198869681562 HTTP/1.1" 200 None
01/01/2023 11:30:12 PM Try to convert steamid to steamid64
01/01/2023 11:30:12 PM Converted steamid to steamid64
01/01/2023 11:30:12 PM Starting new HTTPS connection (1): open.faceit.com:443
01/01/2023 11:30:13 PM https://open.faceit.com:443 "GET /data/v4/players?game=csgo&game_player_id=76561198163948217 HTTP/1.1" 200 None
01/01/2023 11:30:13 PM Try to create all labels and buttons dynamicly
01/01/2023 11:30:13 PM All labels and buttons got successfully created
01/01/2023 11:30:15 PM Try to add player to friends list
01/01/2023 11:30:15 PM Friend was added to friends.txt
01/01/2023 11:30:17 PM Try to add player to friends list
01/01/2023 11:30:17 PM Friend was added to friends.txt
01/01/2023 11:30:20 PM Try to destroy previouse widgets
01/01/2023 11:30:20 PM Widgets from previouse run got destroyed
01/01/2023 11:30:20 PM Try to check whether a player is marked as friend
01/01/2023 11:30:20 PM Friend was found and removed from list
01/01/2023 11:30:20 PM Friend was found and removed from list
01/01/2023 11:30:20 PM Players were found
01/01/2023 11:30:20 PM Try to get faceit data for each player
01/01/2023 11:30:20 PM Try to convert steamid to steamid64
01/01/2023 11:30:20 PM Converted steamid to steamid64
01/01/2023 11:30:20 PM Starting new HTTPS connection (1): open.faceit.com:443
01/01/2023 11:30:20 PM https://open.faceit.com:443 "GET /data/v4/players?game=csgo&game_player_id=76561198448368373 HTTP/1.1" 200 None
01/01/2023 11:30:20 PM Try to convert steamid to steamid64
01/01/2023 11:30:20 PM Converted steamid to steamid64
01/01/2023 11:30:20 PM Starting new HTTPS connection (1): open.faceit.com:443
01/01/2023 11:30:21 PM https://open.faceit.com:443 "GET /data/v4/players?game=csgo&game_player_id=76561198841225728 HTTP/1.1" 200 None
01/01/2023 11:30:21 PM Try to convert steamid to steamid64
01/01/2023 11:30:21 PM Converted steamid to steamid64
01/01/2023 11:30:21 PM Starting new HTTPS connection (1): open.faceit.com:443
01/01/2023 11:30:22 PM https://open.faceit.com:443 "GET /data/v4/players?game=csgo&game_player_id=76561198199328905 HTTP/1.1" 200 None
01/01/2023 11:30:22 PM Try to convert steamid to steamid64
01/01/2023 11:30:22 PM Converted steamid to steamid64
01/01/2023 11:30:22 PM Starting new HTTPS connection (1): open.faceit.com:443
01/01/2023 11:30:22 PM https://open.faceit.com:443 "GET /data/v4/players?game=csgo&game_player_id=76561197978188744 HTTP/1.1" 200 None
01/01/2023 11:30:22 PM Try to convert steamid to steamid64
01/01/2023 11:30:22 PM Converted steamid to steamid64
01/01/2023 11:30:22 PM Starting new HTTPS connection (1): open.faceit.com:443
01/01/2023 11:30:23 PM https://open.faceit.com:443 "GET /data/v4/players?game=csgo&game_player_id=76561198930406413 HTTP/1.1" 200 None
01/01/2023 11:30:23 PM Try to convert steamid to steamid64
01/01/2023 11:30:23 PM Converted steamid to steamid64
01/01/2023 11:30:23 PM Starting new HTTPS connection (1): open.faceit.com:443
01/01/2023 11:30:23 PM https://open.faceit.com:443 "GET /data/v4/players?game=csgo&game_player_id=76561198007853450 HTTP/1.1" 200 None
01/01/2023 11:30:23 PM Try to convert steamid to steamid64
01/01/2023 11:30:23 PM Converted steamid to steamid64
01/01/2023 11:30:23 PM Starting new HTTPS connection (1): open.faceit.com:443
01/01/2023 11:30:24 PM https://open.faceit.com:443 "GET /data/v4/players?game=csgo&game_player_id=76561198869681562 HTTP/1.1" 200 None
01/01/2023 11:30:24 PM Try to convert steamid to steamid64
01/01/2023 11:30:24 PM Converted steamid to steamid64
01/01/2023 11:30:24 PM Starting new HTTPS connection (1): open.faceit.com:443
01/01/2023 11:30:24 PM https://open.faceit.com:443 "GET /data/v4/players?game=csgo&game_player_id=76561198163948217 HTTP/1.1" 200 None
01/01/2023 11:30:24 PM Try to create all labels and buttons dynamicly
01/01/2023 11:30:25 PM All labels and buttons got successfully created
01/01/2023 11:30:38 PM Try to destroy previouse widgets
01/01/2023 11:30:38 PM Widgets from previouse run got destroyed
01/01/2023 11:30:38 PM Removed bots from list
01/01/2023 11:30:38 PM Try to check whether a player is marked as friend
01/01/2023 11:30:38 PM Players were found
01/01/2023 11:30:38 PM Try to get faceit data for each player
01/01/2023 11:30:38 PM Try to convert steamid to steamid64
01/01/2023 11:30:38 PM Converted steamid to steamid64
01/01/2023 11:30:38 PM Starting new HTTPS connection (1): open.faceit.com:443
01/01/2023 11:30:39 PM https://open.faceit.com:443 "GET /data/v4/players?game=csgo&game_player_id=76561198929293727 HTTP/1.1" 200 None
01/01/2023 11:30:39 PM Try to convert steamid to steamid64
01/01/2023 11:30:39 PM Converted steamid to steamid64
01/01/2023 11:30:39 PM Starting new HTTPS connection (1): open.faceit.com:443
01/01/2023 11:30:39 PM https://open.faceit.com:443 "GET /data/v4/players?game=csgo&game_player_id=76561198262924976 HTTP/1.1" 200 None
01/01/2023 11:30:39 PM Try to convert steamid to steamid64
01/01/2023 11:30:39 PM Converted steamid to steamid64
01/01/2023 11:30:39 PM Starting new HTTPS connection (1): open.faceit.com:443
01/01/2023 11:30:41 PM https://open.faceit.com:443 "GET /data/v4/players?game=csgo&game_player_id=76561199056858467 HTTP/1.1" 200 None
01/01/2023 11:30:41 PM Try to convert steamid to steamid64
01/01/2023 11:30:41 PM Converted steamid to steamid64
01/01/2023 11:30:41 PM Starting new HTTPS connection (1): open.faceit.com:443
01/01/2023 11:30:42 PM https://open.faceit.com:443 "GET /data/v4/players?game=csgo&game_player_id=76561198211151507 HTTP/1.1" 200 None
01/01/2023 11:30:42 PM Try to convert steamid to steamid64
01/01/2023 11:30:42 PM Converted steamid to steamid64
01/01/2023 11:30:42 PM Starting new HTTPS connection (1): open.faceit.com:443
01/01/2023 11:30:42 PM https://open.faceit.com:443 "GET /data/v4/players?game=csgo&game_player_id=76561198254017175 HTTP/1.1" 200 None
01/01/2023 11:30:42 PM Try to convert steamid to steamid64
01/01/2023 11:30:42 PM Converted steamid to steamid64
01/01/2023 11:30:42 PM Starting new HTTPS connection (1): open.faceit.com:443
01/01/2023 11:30:43 PM https://open.faceit.com:443 "GET /data/v4/players?game=csgo&game_player_id=76561199105736936 HTTP/1.1" 200 None
01/01/2023 11:30:43 PM Try to convert steamid to steamid64
01/01/2023 11:30:43 PM Converted steamid to steamid64
01/01/2023 11:30:43 PM Starting new HTTPS connection (1): open.faceit.com:443
01/01/2023 11:30:45 PM https://open.faceit.com:443 "GET /data/v4/players?game=csgo&game_player_id=76561198335995000 HTTP/1.1" 200 None
01/01/2023 11:30:45 PM Try to convert steamid to steamid64
01/01/2023 11:30:45 PM Converted steamid to steamid64
01/01/2023 11:30:45 PM Starting new HTTPS connection (1): open.faceit.com:443
01/01/2023 11:30:46 PM https://open.faceit.com:443 "GET /data/v4/players?game=csgo&game_player_id=76561198425371985 HTTP/1.1" 404 None
01/01/2023 11:30:46 PM Player with no faceit account was found. Elo got set to 0
01/01/2023 11:30:46 PM Try to convert steamid to steamid64
01/01/2023 11:30:46 PM Converted steamid to steamid64
01/01/2023 11:30:46 PM Starting new HTTPS connection (1): open.faceit.com:443
01/01/2023 11:30:46 PM https://open.faceit.com:443 "GET /data/v4/players?game=csgo&game_player_id=76561198208505119 HTTP/1.1" 200 None
01/01/2023 11:30:46 PM Try to convert steamid to steamid64
01/01/2023 11:30:46 PM Converted steamid to steamid64
01/01/2023 11:30:46 PM Starting new HTTPS connection (1): open.faceit.com:443
01/01/2023 11:30:47 PM https://open.faceit.com:443 "GET /data/v4/players?game=csgo&game_player_id=76561198132016046 HTTP/1.1" 200 None
01/01/2023 11:30:47 PM Try to create all labels and buttons dynamicly
01/01/2023 11:30:47 PM All labels and buttons got successfully created
